This is e-pTeX, Version 3.14159265-p3.8.3-191112-2.6 (utf8.sjis) (TeX Live 2020/W32TeX) (preloaded format=platex 2020.5.1)  5 OCT 2020 08:39
entering extended mode
 restricted \write18 enabled.
 %&-line parsing enabled.
**4619060_照永詩恩_1.tex
(./4619060_照永詩恩_1.tex
pLaTeX2e <2020-04-12> (based on LaTeX2e <2020-02-02> patch level 5)
L3 programming layer <2020-04-06>
(c:/texlive/2020/texmf-dist/tex/platex/base/jarticle.cls
Document Class: jarticle 2020/01/03 v1.8e Standard pLaTeX class
\c@@paper=\count166
(c:/texlive/2020/texmf-dist/tex/platex/base/jsize12.clo
File: jsize12.clo 2020/01/03 v1.8e Standard pLaTeX file (size option)
)
\c@part=\count167
\c@section=\count168
\c@subsection=\count169
\c@subsubsection=\count170
\c@paragraph=\count171
\c@subparagraph=\count172
\c@figure=\count173
\c@table=\count174
\abovecaptionskip=\skip47
\belowcaptionskip=\skip48
\symmincho=\mathgroup4
LaTeX Font Info:    Overwriting symbol font `mincho' in version `bold'
(Font)                  JY1/mc/m/n --> JY1/gt/m/n on input line 615.
\toclineskip=\dimen150
\@lnumwidth=\dimen151
\bibindent=\dimen152
\heisei=\count175
) (./TUSIreport.sty
Package: TUSIReport 2020/08/23 v1.1

Style file for 情報工学実験
Copyright (C) Tohru Ikeguchi, TUS
) (c:/texlive/2020/texmf-dist/tex/latex/tools/bm.sty
Package: bm 2019/07/24 v1.2d Bold Symbol Support (DPC/FMi)
\symboldoperators=\mathgroup5
\symboldletters=\mathgroup6
\symboldsymbols=\mathgroup7
\symboldmincho=\mathgroup8
LaTeX Font Info:    Redeclaring math alphabet \mathbf on input line 141.
LaTeX Info: Redefining \bm on input line 209.
)
(c:/texlive/2020/texmf-dist/tex/latex/ascmac/ascmac.sty
Package: ascmac 2020/01/15 v2.1 ascmac wrapper (community edition) 

(c:/texlive/2020/texmf-dist/tex/latex/ascmac/tascmac.sty
Package: tascmac 2020/01/15 v2.1 ascmac package (community edition) 
\@savetbaselineshift=\dimen153
\@saveybaselineshift=\dimen154
\scb@x=\box61
\scscb@x=\box62
\@bw=\dimen155
\@nbox=\box63
\@nbody=\box64
\@scw=\dimen156
\ascmac@hoboxa=\box65
\ascmac@hoboxb=\box66
\@itemh=\dimen157
\@iboxpos=\toks16
\@iboxstr=\box67
\@bwsp=\box68
\@@bwsp=\box69
\@bcal=\count176
\shaderule=\dimen158
))
(c:/texlive/2020/texmf-dist/tex/latex/framed/framed.sty
Package: framed 2011/10/22 v 0.96: framed or shaded text with page breaks
\OuterFrameSep=\skip49
\fb@frw=\dimen159
\fb@frh=\dimen160
\FrameRule=\dimen161
\FrameSep=\dimen162
)
(c:/texlive/2020/texmf-dist/tex/latex/graphics/graphicx.sty
Package: graphicx 2019/11/30 v1.2a Enhanced LaTeX Graphics (DPC,SPQR)

(c:/texlive/2020/texmf-dist/tex/latex/graphics/keyval.sty
Package: keyval 2014/10/28 v1.15 key=value parser (DPC)
\KV@toks@=\toks17
)
(c:/texlive/2020/texmf-dist/tex/latex/graphics/graphics.sty
Package: graphics 2019/11/30 v1.4a Standard LaTeX Graphics (DPC,SPQR)

(c:/texlive/2020/texmf-dist/tex/latex/graphics/trig.sty
Package: trig 2016/01/03 v1.10 sin cos tan (DPC)
)
(c:/texlive/2020/texmf-dist/tex/latex/graphics-cfg/graphics.cfg
File: graphics.cfg 2016/06/04 v1.11 sample graphics configuration
)
Package graphics Info: Driver file: dvipdfmx.def on input line 105.

(c:/texlive/2020/texmf-dist/tex/latex/graphics-def/dvipdfmx.def
File: dvipdfmx.def 2017/06/24 v5.0g Graphics/color driver for dvipdfmx
))
\Gin@req@height=\dimen163
\Gin@req@width=\dimen164
)
(c:/texlive/2020/texmf-dist/tex/latex/l3backend/l3backend-dvips.def
File: l3backend-dvips.def 2020-03-12 L3 backend support: dvips
\l__pdf_internal_box=\box70
\g__pdf_backend_object_int=\count177
\l__pdf_backend_content_box=\box71
\l__pdf_backend_model_box=\box72
\g__pdf_backend_annotation_int=\count178
\g__pdf_backend_link_int=\count179
\g__pdf_backend_link_sf_int=\count180
)
(./4619060_照永詩恩_1.aux)
\openout1 = `4619060_照永詩恩_1.aux'.

LaTeX Font Info:    Checking defaults for OML/cmm/m/it on input line 7.
LaTeX Font Info:    ... okay on input line 7.
LaTeX Font Info:    Checking defaults for OMS/cmsy/m/n on input line 7.
LaTeX Font Info:    ... okay on input line 7.
LaTeX Font Info:    Checking defaults for OT1/cmr/m/n on input line 7.
LaTeX Font Info:    ... okay on input line 7.
LaTeX Font Info:    Checking defaults for T1/cmr/m/n on input line 7.
LaTeX Font Info:    ... okay on input line 7.
LaTeX Font Info:    Checking defaults for TS1/cmr/m/n on input line 7.
LaTeX Font Info:    ... okay on input line 7.
LaTeX Font Info:    Checking defaults for OMX/cmex/m/n on input line 7.
LaTeX Font Info:    ... okay on input line 7.
LaTeX Font Info:    Checking defaults for U/cmr/m/n on input line 7.
LaTeX Font Info:    ... okay on input line 7.
LaTeX Font Info:    Checking defaults for JY1/mc/m/n on input line 7.
LaTeX Font Info:    ... okay on input line 7.
LaTeX Font Info:    Checking defaults for JT1/mc/m/n on input line 7.
LaTeX Font Info:    ... okay on input line 7.


LaTeX Font Warning: Font shape `OT1/cmr/m/n' in size <32> not available
(Font)              size <24.88> substituted on input line 10.


LaTeX Font Warning: Font shape `OT1/cmr/m/n' in size <20> not available
(Font)              size <20.74> substituted on input line 10.

LaTeX Font Info:    Calculating math sizes for size <20> on input line 10.

LaTeX Font Warning: Font shape `OT1/cmr/m/n' in size <13.99994> not available
(Font)              size <14.4> substituted on input line 10.


LaTeX Font Warning: Font shape `OML/cmm/m/it' in size <20> not available
(Font)              size <20.74> substituted on input line 10.


LaTeX Font Warning: Font shape `OML/cmm/m/it' in size <13.99994> not available
(Font)              size <14.4> substituted on input line 10.


LaTeX Font Warning: Font shape `OMS/cmsy/m/n' in size <20> not available
(Font)              size <20.74> substituted on input line 10.


LaTeX Font Warning: Font shape `OMS/cmsy/m/n' in size <13.99994> not available
(Font)              size <14.4> substituted on input line 10.

LaTeX Font Info:    External font `cmex10' loaded for size
(Font)              <20> on input line 10.
LaTeX Font Info:    External font `cmex10' loaded for size
(Font)              <13.99994> on input line 10.

LaTeX Font Warning: Font shape `OT1/cmr/bx/n' in size <20> not available
(Font)              size <20.74> substituted on input line 10.


LaTeX Font Warning: Font shape `OT1/cmr/bx/n' in size <13.99994> not available
(Font)              size <14.4> substituted on input line 10.


LaTeX Font Warning: Font shape `OML/cmm/b/it' in size <20> not available
(Font)              size <20.74> substituted on input line 10.


LaTeX Font Warning: Font shape `OML/cmm/b/it' in size <13.99994> not available
(Font)              size <14.4> substituted on input line 10.


LaTeX Font Warning: Font shape `OMS/cmsy/b/n' in size <20> not available
(Font)              size <20.74> substituted on input line 10.


LaTeX Font Warning: Font shape `OMS/cmsy/b/n' in size <13.99994> not available
(Font)              size <14.4> substituted on input line 10.

[0

]
LaTeX Font Info:    Font shape `JT1/mc/b/n' in size <17.28> not available
(Font)              Font shape `JT1/mc/bx/n' tried instead on input line 11.
LaTeX Font Info:    Font shape `JT1/mc/bx/n' in size <17.28> not available
(Font)              Font shape `JT1/gt/m/n' tried instead on input line 11.
LaTeX Font Info:    Font shape `JY1/mc/b/n' in size <17.28> not available
(Font)              Font shape `JY1/mc/bx/n' tried instead on input line 11.
LaTeX Font Info:    Font shape `JY1/mc/bx/n' in size <17.28> not available
(Font)              Font shape `JY1/gt/m/n' tried instead on input line 11.
LaTeX Font Info:    Font shape `JT1/mc/b/n' in size <14.4> not available
(Font)              Font shape `JT1/mc/bx/n' tried instead on input line 17.
LaTeX Font Info:    Font shape `JT1/mc/bx/n' in size <14.4> not available
(Font)              Font shape `JT1/gt/m/n' tried instead on input line 17.
LaTeX Font Info:    Font shape `JY1/mc/b/n' in size <14.4> not available
(Font)              Font shape `JY1/mc/bx/n' tried instead on input line 17.
LaTeX Font Info:    Font shape `JY1/mc/bx/n' in size <14.4> not available
(Font)              Font shape `JY1/gt/m/n' tried instead on input line 17.
LaTeX Font Info:    External font `cmex10' loaded for size
(Font)              <12> on input line 18.
LaTeX Font Info:    External font `cmex10' loaded for size
(Font)              <8> on input line 18.
LaTeX Font Info:    External font `cmex10' loaded for size
(Font)              <6> on input line 18.
LaTeX Font Info:    Font shape `JT1/mc/b/n' in size <12> not available
(Font)              Font shape `JT1/mc/bx/n' tried instead on input line 22.
LaTeX Font Info:    Font shape `JT1/mc/bx/n' in size <12> not available
(Font)              Font shape `JT1/gt/m/n' tried instead on input line 22.
LaTeX Font Info:    Font shape `JY1/mc/b/n' in size <12> not available
(Font)              Font shape `JY1/mc/bx/n' tried instead on input line 22.
LaTeX Font Info:    Font shape `JY1/mc/bx/n' in size <12> not available
(Font)              Font shape `JY1/gt/m/n' tried instead on input line 22.
 [1

] [2] [3]

LaTeX Warning: `h' float specifier changed to `ht'.

File: 1.png Graphic file (type bmp)
<1.png>
[4] [5]
File: 2.png Graphic file (type bmp)
<2.png>
File: 3.png Graphic file (type bmp)
<3.png>
 [6]
File: 3.png Graphic file (type bmp)
<3.png>
File: 5.png Graphic file (type bmp)
<5.png>
 [7]
File: 6.png Graphic file (type bmp)
<6.png>
 [8] [9]
Underfull \hbox (badness 10000) in paragraph at lines 437--437
[]            \OT1/cmtt/m/n/12 printf("\JY1/mc/m/n/12 現在の位置\OT1/cmtt/m/n/1
2 =(%lf,%lf)\n \JY1/mc/m/n/12 目的関数\OT1/cmtt/m/n/12 =%lf\n \JY1/mc/m/n/12 勾
配ベクトル
 []


Underfull \hbox (badness 10000) in paragraph at lines 437--437
[]            \OT1/cmtt/m/n/12 printf("\JY1/mc/m/n/12 現在の位置\OT1/cmtt/m/n/1
2 =(%lf,%lf)\n \JY1/mc/m/n/12 目的関数\OT1/cmtt/m/n/12 =%lf\n \JY1/mc/m/n/12 勾
配ベクトル
 []

[10

]
Underfull \vbox (badness 10000) detected at line 438
 []


Underfull \vbox (badness 10000) detected at line 438
 []

[11]
Underfull \vbox (badness 10000) detected at line 438
 []


Underfull \vbox (badness 10000) detected at line 438
 []

[12]
Underfull \hbox (badness 10000) in paragraph at lines 575--575
[]            \OT1/cmtt/m/n/12 printf("\JY1/mc/m/n/12 現在の位置\OT1/cmtt/m/n/1
2 =(%lf,%lf)\n \JY1/mc/m/n/12 目的関数\OT1/cmtt/m/n/12 =%lf\n \JY1/mc/m/n/12 勾
配ベクトル
 []


Underfull \hbox (badness 10000) in paragraph at lines 575--575
[]            \OT1/cmtt/m/n/12 printf("\JY1/mc/m/n/12 現在の位置\OT1/cmtt/m/n/1
2 =(%lf,%lf)\n \JY1/mc/m/n/12 目的関数\OT1/cmtt/m/n/12 =%lf\n \JY1/mc/m/n/12 勾
配ベクトル
 []

[13]
Overfull \vbox (2.31213pt too high) detected at line 576
 []

[14]
Underfull \vbox (badness 10000) detected at line 576
 []


Underfull \vbox (badness 10000) detected at line 576
 []

[15]
Underfull \vbox (badness 10000) detected at line 576
 []


Underfull \vbox (badness 10000) detected at line 576
 []

[16]
Underfull \hbox (badness 10000) in paragraph at lines 728--728
[]            \OT1/cmtt/m/n/12 printf("\JY1/mc/m/n/12 現在の位置\OT1/cmtt/m/n/1
2 =(%lf,%lf)\n \JY1/mc/m/n/12 目的関数\OT1/cmtt/m/n/12 =%lf\n \JY1/mc/m/n/12 勾
配ベクトル
 []


Underfull \hbox (badness 10000) in paragraph at lines 728--728
[]    \OT1/cmtt/m/n/12 printf("\JY1/mc/m/n/12 回数\OT1/cmtt/m/n/12 =%d\n \JY1/m
c/m/n/12 現在の位置\OT1/cmtt/m/n/12 =(%lf,%lf)\n \JY1/mc/m/n/12 目的関数\OT1/cm
tt/m/n/12 =%lf\n \JY1/mc/m/n/12 勾配ベクトル
 []

[17]
Underfull \vbox (badness 10000) detected at line 729
 []


Underfull \vbox (badness 10000) detected at line 729
 []

[18]
Underfull \vbox (badness 10000) detected at line 729
 []


Underfull \vbox (badness 10000) detected at line 729
 []

[19] [20]
Underfull \hbox (badness 10000) in paragraph at lines 862--862
[]            \OT1/cmtt/m/n/12 printf("\JY1/mc/m/n/12 現在の位置\OT1/cmtt/m/n/1
2 =(%lf,%lf)\n \JY1/mc/m/n/12 目的関数\OT1/cmtt/m/n/12 =%lf\n \JY1/mc/m/n/12 勾
配ベクトル
 []


Overfull \vbox (2.31213pt too high) detected at line 863
 []

[21]
Underfull \vbox (badness 10000) detected at line 863
 []


Underfull \vbox (badness 10000) detected at line 863
 []

[22]
Underfull \vbox (badness 10000) detected at line 863
 []


Underfull \vbox (badness 10000) detected at line 863
 []

[23] [24] (./4619060_照永詩恩_1.aux)

LaTeX Font Warning: Size substitutions with differences
(Font)              up to 7.12pt have occurred.

 ) 
Here is how much of TeX's memory you used:
 1171 strings out of 481193
 16327 string characters out of 5921218
 276431 words of memory out of 5000000
 17166 multiletter control sequences out of 15000+600000
 552840 words of font info for 100 fonts, out of 8000000 for 9000
 929 hyphenation exceptions out of 8191
 30i,14n,25p,236b,273s stack positions out of 5000i,500n,10000p,200000b,80000s

Output written on 4619060_照永詩恩_1.dvi (25 pages, 39380 bytes).
